2017-07-31 20:17:24,476 simple_log.py set_log INFO     log 目录已存在
2017-07-31 20:17:24,477 simple_log.py set_log INFO     删除 20170726 前Log日志文件完毕！
2017-07-31 20:17:24,477 launch.py <module> INFO     E:\personal\lianjia_spider\logfiles
2017-07-31 20:17:24,524 log.py log_scrapy_info INFO     Scrapy 1.3.3 started (bot: scrapybot)
2017-07-31 20:17:24,524 log.py log_scrapy_info INFO     Overridden settings: {}
2017-07-31 20:17:24,984 middleware.py from_settings INFO     Enabled extensions:
['scrapy.extensions.corestats.CoreStats',
 'scrapy.extensions.telnet.TelnetConsole',
 'scrapy.extensions.logstats.LogStats']
2017-07-31 20:17:25,539 middleware.py from_settings INFO     Enabled downloader middlewares:
['scrapy.downloadermiddlewares.httpauth.HttpAuthMiddleware',
 'scrapy.downloadermiddlewares.downloadtimeout.DownloadTimeoutMiddleware',
 'scrapy.downloadermiddlewares.defaultheaders.DefaultHeadersMiddleware',
 'scrapy.downloadermiddlewares.useragent.UserAgentMiddleware',
 'scrapy.downloadermiddlewares.retry.RetryMiddleware',
 'scrapy.downloadermiddlewares.redirect.MetaRefreshMiddleware',
 'scrapy.downloadermiddlewares.httpcompression.HttpCompressionMiddleware',
 'scrapy.downloadermiddlewares.redirect.RedirectMiddleware',
 'scrapy.downloadermiddlewares.cookies.CookiesMiddleware',
 'scrapy.downloadermiddlewares.stats.DownloaderStats']
2017-07-31 20:17:25,592 middleware.py from_settings INFO     Enabled spider middlewares:
['scrapy.spidermiddlewares.httperror.HttpErrorMiddleware',
 'scrapy.spidermiddlewares.offsite.OffsiteMiddleware',
 'scrapy.spidermiddlewares.referer.RefererMiddleware',
 'scrapy.spidermiddlewares.urllength.UrlLengthMiddleware',
 'scrapy.spidermiddlewares.depth.DepthMiddleware']
2017-07-31 20:17:25,600 middleware.py from_settings INFO     Enabled item pipelines:
[]
2017-07-31 20:17:25,600 engine.py open_spider INFO     Spider opened
2017-07-31 20:17:25,714 logstats.py log INFO     Crawled 0 pages (at 0 pages/min), scraped 0 items (at 0 items/min)
2017-07-31 20:17:26,332 engine.py close_spider INFO     Closing spider (finished)
2017-07-31 20:17:26,333 statscollectors.py close_spider INFO     Dumping Scrapy stats:
{'downloader/request_bytes': 240,
 'downloader/request_count': 1,
 'downloader/request_method_count/GET': 1,
 'downloader/response_bytes': 17810,
 'downloader/response_count': 1,
 'downloader/response_status_count/200': 1,
 'finish_reason': 'finished',
 'finish_time': datetime.datetime(2017, 7, 31, 12, 17, 26, 332515),
 'item_scraped_count': 10,
 'log_count/DEBUG': 12,
 'log_count/INFO': 7,
 'response_received_count': 1,
 'scheduler/dequeued': 1,
 'scheduler/dequeued/memory': 1,
 'scheduler/enqueued': 1,
 'scheduler/enqueued/memory': 1,
 'start_time': datetime.datetime(2017, 7, 31, 12, 17, 25, 714000)}
2017-07-31 20:17:26,333 engine.py <lambda> INFO     Spider closed (finished)
