2017-07-31 19:54:27,923 simple_log.py set_log INFO     log 目录已存在
2017-07-31 19:54:27,923 simple_log.py set_log INFO     删除 20170726 前Log日志文件完毕！
2017-07-31 19:54:27,924 launch.py <module> INFO     E:\personal\lianjia_spider\logfiles
2017-07-31 19:54:27,937 log.py log_scrapy_info INFO     Scrapy 1.3.3 started (bot: scrapybot)
2017-07-31 19:54:27,938 log.py log_scrapy_info INFO     Overridden settings: {}
2017-07-31 19:54:28,308 middleware.py from_settings INFO     Enabled extensions:
['scrapy.extensions.corestats.CoreStats',
 'scrapy.extensions.telnet.TelnetConsole',
 'scrapy.extensions.logstats.LogStats']
2017-07-31 19:54:29,502 middleware.py from_settings INFO     Enabled downloader middlewares:
['scrapy.downloadermiddlewares.httpauth.HttpAuthMiddleware',
 'scrapy.downloadermiddlewares.downloadtimeout.DownloadTimeoutMiddleware',
 'scrapy.downloadermiddlewares.defaultheaders.DefaultHeadersMiddleware',
 'scrapy.downloadermiddlewares.useragent.UserAgentMiddleware',
 'scrapy.downloadermiddlewares.retry.RetryMiddleware',
 'scrapy.downloadermiddlewares.redirect.MetaRefreshMiddleware',
 'scrapy.downloadermiddlewares.httpcompression.HttpCompressionMiddleware',
 'scrapy.downloadermiddlewares.redirect.RedirectMiddleware',
 'scrapy.downloadermiddlewares.cookies.CookiesMiddleware',
 'scrapy.downloadermiddlewares.stats.DownloaderStats']
2017-07-31 19:54:29,744 middleware.py from_settings INFO     Enabled spider middlewares:
['scrapy.spidermiddlewares.httperror.HttpErrorMiddleware',
 'scrapy.spidermiddlewares.offsite.OffsiteMiddleware',
 'scrapy.spidermiddlewares.referer.RefererMiddleware',
 'scrapy.spidermiddlewares.urllength.UrlLengthMiddleware',
 'scrapy.spidermiddlewares.depth.DepthMiddleware']
2017-07-31 19:54:29,762 middleware.py from_settings INFO     Enabled item pipelines:
[]
2017-07-31 19:54:29,762 engine.py open_spider INFO     Spider opened
2017-07-31 19:54:29,970 logstats.py log INFO     Crawled 0 pages (at 0 pages/min), scraped 0 items (at 0 items/min)
2017-07-31 19:54:30,944 scraper.py handle_spider_error ERROR    Spider error processing <GET http://hz.fang.lianjia.com/loupan/pg34/%20%20%20%20> (referer: None)
Traceback (most recent call last):
  File "D:\ProgramData\Anaconda3\envs\py35\lib\site-packages\scrapy\utils\defer.py", line 102, in iter_errback
    yield next(it)
  File "D:\ProgramData\Anaconda3\envs\py35\lib\site-packages\scrapy\spidermiddlewares\offsite.py", line 29, in process_spider_output
    for x in result:
  File "D:\ProgramData\Anaconda3\envs\py35\lib\site-packages\scrapy\spidermiddlewares\referer.py", line 22, in <genexpr>
    return (_set_referer(r) for r in result or ())
  File "D:\ProgramData\Anaconda3\envs\py35\lib\site-packages\scrapy\spidermiddlewares\urllength.py", line 37, in <genexpr>
    return (r for r in result or () if _filter(r))
  File "D:\ProgramData\Anaconda3\envs\py35\lib\site-packages\scrapy\spidermiddlewares\depth.py", line 58, in <genexpr>
    return (r for r in result or () if _filter(r))
  File "E:\personal\lianjia_spider\lianjia_spider\spiders\lianjia.py", line 45, in parse
    url = response.xpath('//*/div[@class="page-box"]/a')[-1].xpath('@href')
  File "D:\ProgramData\Anaconda3\envs\py35\lib\site-packages\parsel\selector.py", line 58, in __getitem__
    o = super(SelectorList, self).__getitem__(pos)
IndexError: list index out of range
2017-07-31 19:54:31,014 engine.py close_spider INFO     Closing spider (finished)
2017-07-31 19:54:31,014 statscollectors.py close_spider INFO     Dumping Scrapy stats:
{'downloader/request_bytes': 253,
 'downloader/request_count': 1,
 'downloader/request_method_count/GET': 1,
 'downloader/response_bytes': 17118,
 'downloader/response_count': 1,
 'downloader/response_status_count/200': 1,
 'finish_reason': 'finished',
 'finish_time': datetime.datetime(2017, 7, 31, 11, 54, 31, 14891),
 'item_scraped_count': 8,
 'log_count/DEBUG': 10,
 'log_count/ERROR': 1,
 'log_count/INFO': 7,
 'response_received_count': 1,
 'scheduler/dequeued': 1,
 'scheduler/dequeued/memory': 1,
 'scheduler/enqueued': 1,
 'scheduler/enqueued/memory': 1,
 'spider_exceptions/IndexError': 1,
 'start_time': datetime.datetime(2017, 7, 31, 11, 54, 29, 970734)}
2017-07-31 19:54:31,016 engine.py <lambda> INFO     Spider closed (finished)
