2017-07-31 20:17:47,686 simple_log.py set_log INFO     log 目录已存在
2017-07-31 20:17:47,686 simple_log.py set_log INFO     删除 20170726 前Log日志文件完毕！
2017-07-31 20:17:47,687 launch.py <module> INFO     E:\personal\lianjia_spider\logfiles
2017-07-31 20:17:47,706 log.py log_scrapy_info INFO     Scrapy 1.3.3 started (bot: scrapybot)
2017-07-31 20:17:47,707 log.py log_scrapy_info INFO     Overridden settings: {}
2017-07-31 20:17:48,035 middleware.py from_settings INFO     Enabled extensions:
['scrapy.extensions.telnet.TelnetConsole',
 'scrapy.extensions.logstats.LogStats',
 'scrapy.extensions.corestats.CoreStats']
2017-07-31 20:17:48,486 middleware.py from_settings INFO     Enabled downloader middlewares:
['scrapy.downloadermiddlewares.httpauth.HttpAuthMiddleware',
 'scrapy.downloadermiddlewares.downloadtimeout.DownloadTimeoutMiddleware',
 'scrapy.downloadermiddlewares.defaultheaders.DefaultHeadersMiddleware',
 'scrapy.downloadermiddlewares.useragent.UserAgentMiddleware',
 'scrapy.downloadermiddlewares.retry.RetryMiddleware',
 'scrapy.downloadermiddlewares.redirect.MetaRefreshMiddleware',
 'scrapy.downloadermiddlewares.httpcompression.HttpCompressionMiddleware',
 'scrapy.downloadermiddlewares.redirect.RedirectMiddleware',
 'scrapy.downloadermiddlewares.cookies.CookiesMiddleware',
 'scrapy.downloadermiddlewares.stats.DownloaderStats']
2017-07-31 20:17:48,531 middleware.py from_settings INFO     Enabled spider middlewares:
['scrapy.spidermiddlewares.httperror.HttpErrorMiddleware',
 'scrapy.spidermiddlewares.offsite.OffsiteMiddleware',
 'scrapy.spidermiddlewares.referer.RefererMiddleware',
 'scrapy.spidermiddlewares.urllength.UrlLengthMiddleware',
 'scrapy.spidermiddlewares.depth.DepthMiddleware']
2017-07-31 20:17:51,181 middleware.py from_settings INFO     Enabled item pipelines:
['lianjia_spider.pipelines.LianjiaSpiderPipeline']
2017-07-31 20:17:51,181 engine.py open_spider INFO     Spider opened
2017-07-31 20:17:51,255 pipelines.py open_spider INFO     打开管道
2017-07-31 20:17:51,817 cursors.py _show_warnings WARNING  D:\ProgramData\Anaconda3\envs\py35\lib\site-packages\pymysql\cursors.py:166: Warning: (1366, "Incorrect string value: '\\xD6\\xD0\\xB9\\xFA\\xB1\\xEA...' for column 'VARIABLE_VALUE' at row 479")
  result = self._query(query)

2017-07-31 20:17:51,992 pipelines.py open_spider INFO     连接 MySQL  hsh_fx 成功，参数为：{'db': 'hsh_fx', 'pwd': '19950105', 'host': '192.168.4.238:3306', 'user': 'yong', 'charset': 'utf8'}
2017-07-31 20:17:51,993 logstats.py log INFO     Crawled 0 pages (at 0 pages/min), scraped 0 items (at 0 items/min)
2017-07-31 20:17:52,632 pipelines.py process_item INFO     日行情数据存储成功：融信杭州公馆 4居/3居 建面 139~186m² 西湖-学院路与文一路交叉口（原杭师大旧址） 均价62500元/平
2017-07-31 20:17:52,708 pipelines.py process_item INFO     日行情数据存储成功：万科新都会1958 4居 建面 166m² 下城-杭氧街胜景路交叉口 均价44000元/平
2017-07-31 20:17:52,753 pipelines.py process_item INFO     日行情数据存储成功：绿城之江1号 4居 建面 450m² 西湖-横桥路绿城之江1号 均价20000元/平
2017-07-31 20:17:52,790 pipelines.py process_item INFO     日行情数据存储成功：北大资源未名府  余杭-余杭荆长大道和余杭塘路交叉口 价格待定
2017-07-31 20:17:52,815 pipelines.py process_item INFO     日行情数据存储成功：钱塘大观  滨江-闻涛路与六和路交汇处以西 均价27500元/平
2017-07-31 20:17:52,841 pipelines.py process_item INFO     日行情数据存储成功：碧桂园西江月 3居 建面 139m² 拱墅-学院北路碧桂园西江月 均价57000元/平
2017-07-31 20:17:52,865 pipelines.py process_item INFO     日行情数据存储成功：中旅城仕公馆 4居 建面 139m² 江干-同协路和杭玻街交界处西北角200米 均价22000元/平
2017-07-31 20:17:52,889 pipelines.py process_item INFO     日行情数据存储成功：杭钢尚堂府 3居 建面 138m² 拱墅-科祥街50号（石祥路拱康路口） 均价28500元/平
2017-07-31 20:17:52,912 pipelines.py process_item INFO     日行情数据存储成功：理想康城一品 4居/3居 建面 177~216m² 余杭-临平星河南路与世纪大道交叉口 均价26500元/平
2017-07-31 20:17:52,931 pipelines.py process_item INFO     日行情数据存储成功：滨江西溪明珠 6居/5居 建面 355~360m² 西湖-天目山路百家园路口 均价40000元/平
2017-07-31 20:17:52,933 engine.py close_spider INFO     Closing spider (finished)
2017-07-31 20:17:52,934 statscollectors.py close_spider INFO     Dumping Scrapy stats:
{'downloader/request_bytes': 240,
 'downloader/request_count': 1,
 'downloader/request_method_count/GET': 1,
 'downloader/response_bytes': 17810,
 'downloader/response_count': 1,
 'downloader/response_status_count/200': 1,
 'finish_reason': 'finished',
 'finish_time': datetime.datetime(2017, 7, 31, 12, 17, 52, 934254),
 'item_scraped_count': 10,
 'log_count/DEBUG': 12,
 'log_count/INFO': 19,
 'log_count/WARNING': 1,
 'response_received_count': 1,
 'scheduler/dequeued': 1,
 'scheduler/dequeued/memory': 1,
 'scheduler/enqueued': 1,
 'scheduler/enqueued/memory': 1,
 'start_time': datetime.datetime(2017, 7, 31, 12, 17, 51, 993441)}
2017-07-31 20:17:52,934 engine.py <lambda> INFO     Spider closed (finished)
